android/app/build/intermediates/manifest_merge_blame_file/debug/processDebugMainManifest/manifest-merger-blame-debug-report.txt
1<?xml version="1.0" encoding="utf-8"?>
2<manifest xmlns:android="http://schemas.android.com/apk/res/android"
3    package="com.ufc.app"
4    android:versionCode="1"
5    android:versionName="0.1.0-skeleton" >
6
7    <uses-sdk
8        android:minSdkVersion="26"
9        android:targetSdkVersion="36" />
10
11    <uses-feature
11-->src\main\AndroidManifest.xml:4:5-86
12        android:name="android.hardware.usb.host"
12-->src\main\AndroidManifest.xml:4:19-59
13        android:required="true" />
13-->src\main\AndroidManifest.xml:4:60-83
14    <uses-feature
14-->src\main\AndroidManifest.xml:5:5-85
15        android:name="android.hardware.camera"
15-->src\main\AndroidManifest.xml:5:19-57
16        android:required="false" />
16-->src\main\AndroidManifest.xml:5:58-82
17    <uses-feature
17-->src\main\AndroidManifest.xml:6:5-95
18        android:name="android.hardware.camera.autofocus"
18-->src\main\AndroidManifest.xml:6:19-67
19        android:required="false" />
19-->src\main\AndroidManifest.xml:6:68-92
20
21    <uses-permission android:name="android.permission.INTERNET" />
21-->src\main\AndroidManifest.xml:8:5-67
21-->src\main\AndroidManifest.xml:8:22-64
22    <uses-permission android:name="android.permission.ACCESS_WIFI_STATE" />
22-->src\main\AndroidManifest.xml:9:5-76
22-->src\main\AndroidManifest.xml:9:22-73
23    <uses-permission android:name="android.permission.ACCESS_NETWORK_STATE" />
23-->src\main\AndroidManifest.xml:10:5-79
23-->src\main\AndroidManifest.xml:10:22-76
24    <uses-permission android:name="android.permission.CAMERA" />
24-->src\main\AndroidManifest.xml:11:5-65
24-->src\main\AndroidManifest.xml:11:22-62
25    <uses-permission android:name="android.permission.RECORD_AUDIO" />
25-->src\main\AndroidManifest.xml:12:5-71
25-->src\main\AndroidManifest.xml:12:22-68
26    <uses-permission android:name="android.permission.POST_NOTIFICATIONS" />
26-->src\main\AndroidManifest.xml:13:5-77
26-->src\main\AndroidManifest.xml:13:22-74
27    <uses-permission android:name="android.permission.FOREGROUND_SERVICE" />
27-->src\main\AndroidManifest.xml:14:5-77
27-->src\main\AndroidManifest.xml:14:22-74
28    <uses-permission android:name="android.permission.FOREGROUND_SERVICE_CAMERA" />
28-->src\main\AndroidManifest.xml:15:5-84
28-->src\main\AndroidManifest.xml:15:22-81
29    <uses-permission android:name="android.permission.FOREGROUND_SERVICE_MICROPHONE" />
29-->src\main\AndroidManifest.xml:16:5-88
29-->src\main\AndroidManifest.xml:16:22-85
30    <uses-permission android:name="android.permission.FOREGROUND_SERVICE_CONNECTED_DEVICE" />
30-->src\main\AndroidManifest.xml:17:5-94
30-->src\main\AndroidManifest.xml:17:22-91
31    <uses-permission android:name="android.permission.WAKE_LOCK" />
31-->src\main\AndroidManifest.xml:18:5-68
31-->src\main\AndroidManifest.xml:18:22-65
32    <uses-permission android:name="android.permission.USB_PERMISSION" />
32-->[com.github.ernestp.AndroidUSBCamera:libausbc:3.6.0] AndroidManifest.xml:12:5-73
32-->[com.github.ernestp.AndroidUSBCamera:libausbc:3.6.0] AndroidManifest.xml:12:22-70
33
34    <permission
34-->[androidx.core:core:1.18.0] AndroidManifest.xml:22:5-24:47
35        android:name="com.ufc.app.DYNAMIC_RECEIVER_NOT_EXPORTED_PERMISSION"
35-->[androidx.core:core:1.18.0] AndroidManifest.xml:23:9-81
36        android:protectionLevel="signature" />
36-->[androidx.core:core:1.18.0] AndroidManifest.xml:24:9-44
37
38    <uses-permission android:name="com.ufc.app.DYNAMIC_RECEIVER_NOT_EXPORTED_PERMISSION" />
38-->[androidx.core:core:1.18.0] AndroidManifest.xml:26:5-97
38-->[androidx.core:core:1.18.0] AndroidManifest.xml:26:22-94
39
40    <application
40-->src\main\AndroidManifest.xml:20:5-64:19
41        android:allowBackup="true"
41-->src\main\AndroidManifest.xml:21:9-35
42        android:appComponentFactory="androidx.core.app.CoreComponentFactory"
42-->[androidx.core:core:1.18.0] AndroidManifest.xml:28:18-86
43        android:debuggable="true"
44        android:extractNativeLibs="false"
45        android:icon="@mipmap/ic_launcher"
45-->src\main\AndroidManifest.xml:22:9-43
46        android:label="UFC - USB Frame Capture"
46-->src\main\AndroidManifest.xml:23:9-48
47        android:roundIcon="@mipmap/ic_launcher"
47-->src\main\AndroidManifest.xml:24:9-48
48        android:supportsRtl="true"
48-->src\main\AndroidManifest.xml:25:9-35
49        android:theme="@style/Theme.UFC" >
49-->src\main\AndroidManifest.xml:26:9-41
50        <service
50-->src\main\AndroidManifest.xml:28:9-32:81
51            android:name="com.ufc.app.stream.StreamService"
51-->src\main\AndroidManifest.xml:29:13-49
52            android:enabled="true"
52-->src\main\AndroidManifest.xml:30:13-35
53            android:exported="false"
53-->src\main\AndroidManifest.xml:31:13-37
54            android:foregroundServiceType="camera|microphone|connectedDevice" />
54-->src\main\AndroidManifest.xml:32:13-78
55
56        <activity
56-->src\main\AndroidManifest.xml:34:9-36:40
57            android:name="com.ufc.app.ui.SettingsActivity"
57-->src\main\AndroidManifest.xml:35:13-48
58            android:label="Settings" />
58-->src\main\AndroidManifest.xml:36:13-37
59        <activity
59-->src\main\AndroidManifest.xml:38:9-45:109
60            android:name="com.ufc.app.ui.PreviewActivity"
60-->src\main\AndroidManifest.xml:39:13-47
61            android:configChanges="orientation|screenSize|keyboardHidden|screenLayout|smallestScreenSize"
61-->src\main\AndroidManifest.xml:45:13-106
62            android:exported="false"
62-->src\main\AndroidManifest.xml:42:13-37
63            android:label="Preview Mode"
63-->src\main\AndroidManifest.xml:40:13-41
64            android:launchMode="singleTop"
64-->src\main\AndroidManifest.xml:43:13-43
65            android:screenOrientation="landscape"
65-->src\main\AndroidManifest.xml:44:13-50
66            android:theme="@style/Theme.App.Starting" />
66-->src\main\AndroidManifest.xml:41:13-54
67        <activity
67-->src\main\AndroidManifest.xml:47:9-63:20
68            android:name="com.ufc.app.ui.MainActivity"
68-->src\main\AndroidManifest.xml:48:13-44
69            android:configChanges="orientation|screenSize|keyboardHidden|screenLayout|smallestScreenSize"
69-->src\main\AndroidManifest.xml:52:13-106
70            android:exported="true"
70-->src\main\AndroidManifest.xml:50:13-36
71            android:launchMode="singleTop"
71-->src\main\AndroidManifest.xml:51:13-43
72            android:theme="@style/Theme.App.Starting" >
72-->src\main\AndroidManifest.xml:49:13-54
73            <intent-filter>
73-->src\main\AndroidManifest.xml:53:13-56:29
74                <action android:name="android.intent.action.MAIN" />
74-->src\main\AndroidManifest.xml:54:17-69
74-->src\main\AndroidManifest.xml:54:25-66
75
76                <category android:name="android.intent.category.LAUNCHER" />
76-->src\main\AndroidManifest.xml:55:17-77
76-->src\main\AndroidManifest.xml:55:27-74
77            </intent-filter>
78            <intent-filter>
78-->src\main\AndroidManifest.xml:57:13-59:29
79                <action android:name="android.hardware.usb.action.USB_DEVICE_ATTACHED" />
79-->src\main\AndroidManifest.xml:58:17-90
79-->src\main\AndroidManifest.xml:58:25-87
80            </intent-filter>
81
82            <meta-data
82-->src\main\AndroidManifest.xml:60:13-62:57
83                android:name="android.hardware.usb.action.USB_DEVICE_ATTACHED"
83-->src\main\AndroidManifest.xml:61:17-79
84                android:resource="@xml/device_filter" />
84-->src\main\AndroidManifest.xml:62:17-54
85        </activity>
86
87        <provider
87-->[androidx.emoji2:emoji2:1.3.0] AndroidManifest.xml:24:9-32:20
88            android:name="androidx.startup.InitializationProvider"
88-->[androidx.emoji2:emoji2:1.3.0] AndroidManifest.xml:25:13-67
89            android:authorities="com.ufc.app.androidx-startup"
89-->[androidx.emoji2:emoji2:1.3.0] AndroidManifest.xml:26:13-68
90            android:exported="false" >
90-->[androidx.emoji2:emoji2:1.3.0] AndroidManifest.xml:27:13-37
91            <meta-data
91-->[androidx.emoji2:emoji2:1.3.0] AndroidManifest.xml:29:13-31:52
92                android:name="androidx.emoji2.text.EmojiCompatInitializer"
92-->[androidx.emoji2:emoji2:1.3.0] AndroidManifest.xml:30:17-75
93                android:value="androidx.startup" />
93-->[androidx.emoji2:emoji2:1.3.0] AndroidManifest.xml:31:17-49
94            <meta-data
94-->[androidx.lifecycle:lifecycle-process:2.6.2] AndroidManifest.xml:29:13-31:52
95                android:name="androidx.lifecycle.ProcessLifecycleInitializer"
95-->[androidx.lifecycle:lifecycle-process:2.6.2] AndroidManifest.xml:30:17-78
96                android:value="androidx.startup" />
96-->[androidx.lifecycle:lifecycle-process:2.6.2] AndroidManifest.xml:31:17-49
97            <meta-data
97-->[androidx.profileinstaller:profileinstaller:1.4.0] AndroidManifest.xml:29:13-31:52
98                android:name="androidx.profileinstaller.ProfileInstallerInitializer"
98-->[androidx.profileinstaller:profileinstaller:1.4.0] AndroidManifest.xml:30:17-85
99                android:value="androidx.startup" />
99-->[androidx.profileinstaller:profileinstaller:1.4.0] AndroidManifest.xml:31:17-49
100        </provider>
101
102        <receiver
102-->[androidx.profileinstaller:profileinstaller:1.4.0] AndroidManifest.xml:34:9-52:20
103            android:name="androidx.profileinstaller.ProfileInstallReceiver"
103-->[androidx.profileinstaller:profileinstaller:1.4.0] AndroidManifest.xml:35:13-76
104            android:directBootAware="false"
104-->[androidx.profileinstaller:profileinstaller:1.4.0] AndroidManifest.xml:36:13-44
105            android:enabled="true"
105-->[androidx.profileinstaller:profileinstaller:1.4.0] AndroidManifest.xml:37:13-35
106            android:exported="true"
106-->[androidx.profileinstaller:profileinstaller:1.4.0] AndroidManifest.xml:38:13-36
107            android:permission="android.permission.DUMP" >
107-->[androidx.profileinstaller:profileinstaller:1.4.0] AndroidManifest.xml:39:13-57
108            <intent-filter>
108-->[androidx.profileinstaller:profileinstaller:1.4.0] AndroidManifest.xml:40:13-42:29
109                <action android:name="androidx.profileinstaller.action.INSTALL_PROFILE" />
109-->[androidx.profileinstaller:profileinstaller:1.4.0] AndroidManifest.xml:41:17-91
109-->[androidx.profileinstaller:profileinstaller:1.4.0] AndroidManifest.xml:41:25-88
110            </intent-filter>
111            <intent-filter>
111-->[androidx.profileinstaller:profileinstaller:1.4.0] AndroidManifest.xml:43:13-45:29
112                <action android:name="androidx.profileinstaller.action.SKIP_FILE" />
112-->[androidx.profileinstaller:profileinstaller:1.4.0] AndroidManifest.xml:44:17-85
112-->[androidx.profileinstaller:profileinstaller:1.4.0] AndroidManifest.xml:44:25-82
113            </intent-filter>
114            <intent-filter>
114-->[androidx.profileinstaller:profileinstaller:1.4.0] AndroidManifest.xml:46:13-48:29
115                <action android:name="androidx.profileinstaller.action.SAVE_PROFILE" />
115-->[androidx.profileinstaller:profileinstaller:1.4.0] AndroidManifest.xml:47:17-88
115-->[androidx.profileinstaller:profileinstaller:1.4.0] AndroidManifest.xml:47:25-85
116            </intent-filter>
117            <intent-filter>
117-->[androidx.profileinstaller:profileinstaller:1.4.0] AndroidManifest.xml:49:13-51:29
118                <action android:name="androidx.profileinstaller.action.BENCHMARK_OPERATION" />
118-->[androidx.profileinstaller:profileinstaller:1.4.0] AndroidManifest.xml:50:17-95
118-->[androidx.profileinstaller:profileinstaller:1.4.0] AndroidManifest.xml:50:25-92
119            </intent-filter>
120        </receiver>
121    </application>
122
123</manifest>